
> football-highlights-frontend@0.1.0 dev
> next dev

   ▲ Next.js 14.0.4
   - Local:        http://localhost:3000
   - Environments: .env.local

 ✓ Ready in 3.7s
 ○ Compiling /football ...
The user aborted a request.

Retrying 1/3...
The user aborted a request.

Retrying 1/3...
 ✓ Compiled /football in 6s (649 modules)
 ⨯ ./src/pages/api/auth/[...nextauth].ts
Error: 
  [31mx[0m Expected ',', got '}'
    ,-[[36;1;4m/Users/s0m13i5/linus/multi-media/frontend/src/pages/api/auth/[...nextauth].ts[0m:89:1]
 [2m89[0m |                 email: newUser.email,
 [2m90[0m |                 name: newUser.name,
 [2m91[0m |               }
 [2m92[0m |             }
    : [31;1m            ^[0m
 [2m93[0m |           }
 [2m94[0m | 
 [2m95[0m |           return null
    `----

Caused by:
    Syntax Error

Import trace for requested module:
./src/pages/api/auth/[...nextauth].ts
 ○ Compiling /not-found ...
 ⨯ ./src/pages/api/auth/[...nextauth].ts
Error: 
  [31mx[0m Expected ',', got '}'
    ,-[[36;1;4m/Users/s0m13i5/linus/multi-media/frontend/src/pages/api/auth/[...nextauth].ts[0m:89:1]
 [2m89[0m |                 email: newUser.email,
 [2m90[0m |                 name: newUser.name,
 [2m91[0m |               }
 [2m92[0m |             }
    : [31;1m            ^[0m
 [2m93[0m |           }
 [2m94[0m | 
 [2m95[0m |           return null
    `----

Caused by:
    Syntax Error

Import trace for requested module:
./src/pages/api/auth/[...nextauth].ts
 ⨯ ./src/pages/api/auth/[...nextauth].ts
Error: 
  [31mx[0m Expected ',', got '}'
    ,-[[36;1;4m/Users/s0m13i5/linus/multi-media/frontend/src/pages/api/auth/[...nextauth].ts[0m:89:1]
 [2m89[0m |                 email: newUser.email,
 [2m90[0m |                 name: newUser.name,
 [2m91[0m |               }
 [2m92[0m |             }
    : [31;1m            ^[0m
 [2m93[0m |           }
 [2m94[0m | 
 [2m95[0m |           return null
    `----

Caused by:
    Syntax Error

Import trace for requested module:
./src/pages/api/auth/[...nextauth].ts
<w> [webpack.cache.PackFileCacheStrategy] Caching failed for pack: Error: ENOENT: no such file or directory, rename '/Users/s0m13i5/linus/multi-media/frontend/.next/cache/webpack/client-development-fallback/0.pack.gz_' -> '/Users/s0m13i5/linus/multi-media/frontend/.next/cache/webpack/client-development-fallback/0.pack.gz'
